Base path: 'C:/Program Files/Unity/Hub/Editor/2019.4.5f1/Editor/Data', plugins path 'C:/Program Files/Unity/Hub/Editor/2019.4.5f1/Editor/Data/PlaybackEngines'
Cmd: initializeCompiler
Cmd: preprocess
  insize=811 outsize=209 ok=1
Cmd: preprocess
  insize=811 outsize=209 ok=1
Cmd: preprocess
  insize=811 outsize=209 ok=1
Cmd: preprocess
  insize=811 outsize=209 ok=1
Cmd: preprocess
  insize=811 outsize=209 ok=1
Cmd: preprocess
  insize=811 outsize=209 ok=1
Cmd: preprocess
  insize=811 outsize=209 ok=1
Cmd: preprocess
  insize=811 outsize=209 ok=1
Cmd: preprocess
  insize=811 outsize=209 ok=1
Cmd: preprocess
  insize=811 outsize=209 ok=1
Cmd: preprocess
  insize=811 outsize=209 ok=1
Cmd: preprocess
  insize=811 outsize=209 ok=1
Cmd: preprocess
  insize=811 outsize=209 ok=1
Cmd: preprocess
  insize=811 outsize=209 ok=1
Cmd: preprocess
  insize=811 outsize=209 ok=1
Cmd: preprocess
  insize=811 outsize=209 ok=1
Cmd: preprocess
  insize=811 outsize=209 ok=1
Cmd: preprocess
  insize=811 outsize=209 ok=1
Cmd: preprocess
  insize=811 outsize=209 ok=1
Cmd: preprocess
  insize=811 outsize=209 ok=1
Cmd: preprocess
  insize=811 outsize=209 ok=1
Cmd: preprocess
  insize=811 outsize=209 ok=1
Cmd: preprocess
  insize=811 outsize=209 ok=1
Cmd: preprocess
  insize=811 outsize=209 ok=1
Cmd: preprocess
  insize=811 outsize=209 ok=1
Cmd: preprocess
  insize=5849 outsize=750 ok=1
Cmd: preprocess
  insize=4849 outsize=754 ok=1
Cmd: preprocess
  insize=5962 outsize=750 ok=1
Cmd: preprocess
  insize=9366 outsize=749 ok=1
Cmd: preprocess
  insize=8405 outsize=745 ok=1
Cmd: preprocess
  insize=6230 outsize=750 ok=1
Cmd: preprocess
  insize=5900 outsize=749 ok=1
Cmd: preprocess
  insize=35296 outsize=2068 ok=1
Cmd: preprocess
  insize=4273 outsize=755 ok=1
Cmd: preprocess
  insize=4325 outsize=755 ok=1
Cmd: preprocess
  insize=3946 outsize=753 ok=1
Cmd: preprocess
  insize=5011 outsize=751 ok=1
Cmd: preprocess
  insize=5687 outsize=752 ok=1
Cmd: preprocess
  insize=3814 outsize=743 ok=1
Cmd: preprocess
  insize=3814 outsize=743 ok=1
Cmd: preprocess
  insize=5522 outsize=751 ok=1
Cmd: preprocess
  insize=7727 outsize=744 ok=1

Quitting shader compiler process
